2020-02-29 20:08:19.283|INFO ||c.h.HobbymatcherSpringbootApplication|Starting HobbymatcherSpringbootApplication on DESKTOP-9GNJJ02 with PID 2388 (X:\GitHub\SSW695\hobbymatcher_sb\target\classes started by kslup in X:\GitHub\SSW695\hobbymatcher_sb)
2020-02-29 20:08:19.286|INFO ||c.h.HobbymatcherSpringbootApplication|No active profile set, falling back to default profiles: default
2020-02-29 20:08:20.399|INFO ||o.s.d.r.c.RepositoryConfigurationDelegate|Multiple Spring Data modules found, entering strict repository configuration mode!
2020-02-29 20:08:20.401|INFO ||o.s.d.r.c.RepositoryConfigurationDelegate|Bootstrapping Spring Data repositories in DEFAULT mode.
2020-02-29 20:08:20.454|INFO ||o.s.d.r.c.RepositoryConfigurationDelegate|Finished Spring Data repository scanning in 38ms. Found 0 repository interfaces.
2020-02-29 20:08:20.786|INFO ||o.s.c.s.PostProcessorRegistrationDelegate$BeanPostProcessorChecker|Bean 'dataSourceConfiguration' of type [com.hobbymatcher.config.dao.DataSourceConfiguration$$EnhancerBySpringCGLIB$$24a575b9] is not eligible for getting processed by all BeanPostProcessors (for example: not eligible for auto-proxying)
2020-02-29 20:08:20.799|INFO ||c.m.v.l.MLog|MLog clients using slf4j logging.
2020-02-29 20:08:20.821|INFO ||c.m.v.c.C3P0Registry|Initializing c3p0-0.9.5.5 [built 11-December-2019 22:18:33 -0800; debug? true; trace: 10]
2020-02-29 20:08:20.855|INFO ||o.s.c.s.PostProcessorRegistrationDelegate$BeanPostProcessorChecker|Bean 'dataSource' of type [com.mchange.v2.c3p0.ComboPooledDataSource] is not eligible for getting processed by all BeanPostProcessors (for example: not eligible for auto-proxying)
2020-02-29 20:08:20.871|INFO ||o.s.c.s.PostProcessorRegistrationDelegate$BeanPostProcessorChecker|Bean 'spring.datasource-org.springframework.boot.autoconfigure.jdbc.DataSourceProperties' of type [org.springframework.boot.autoconfigure.jdbc.DataSourceProperties] is not eligible for getting processed by all BeanPostProcessors (for example: not eligible for auto-proxying)
2020-02-29 20:08:20.875|INFO ||o.s.c.s.PostProcessorRegistrationDelegate$BeanPostProcessorChecker|Bean 'org.springframework.boot.autoconfigure.jdbc.DataSourceInitializerInvoker' of type [org.springframework.boot.autoconfigure.jdbc.DataSourceInitializerInvoker] is not eligible for getting processed by all BeanPostProcessors (for example: not eligible for auto-proxying)
2020-02-29 20:08:20.879|INFO ||o.s.c.s.PostProcessorRegistrationDelegate$BeanPostProcessorChecker|Bean 'transactionManagementConfiguration' of type [com.hobbymatcher.config.service.TransactionManagementConfiguration$$EnhancerBySpringCGLIB$$a4697ba8] is not eligible for getting processed by all BeanPostProcessors (for example: not eligible for auto-proxying)
2020-02-29 20:08:20.880|INFO ||o.s.c.s.PostProcessorRegistrationDelegate$BeanPostProcessorChecker|Bean 'org.springframework.transaction.annotation.ProxyTransactionManagementConfiguration' of type [org.springframework.transaction.annotation.ProxyTransactionManagementConfiguration$$EnhancerBySpringCGLIB$$afebda8a] is not eligible for getting processed by all BeanPostProcessors (for example: not eligible for auto-proxying)
2020-02-29 20:08:21.096|INFO ||o.s.b.w.e.t.TomcatWebServer|Tomcat initialized with port(s): 8080 (http)
2020-02-29 20:08:21.109|INFO ||o.a.c.h.Http11NioProtocol|Initializing ProtocolHandler ["http-nio-8080"]
2020-02-29 20:08:21.117|INFO ||o.a.c.c.StandardService|Starting service [Tomcat]
2020-02-29 20:08:21.117|INFO ||o.a.c.c.StandardEngine|Starting Servlet engine: [Apache Tomcat/9.0.21]
2020-02-29 20:08:21.223|INFO ||o.a.c.c.C.[.[.[/hobbymatcher]|Initializing Spring embedded WebApplicationContext
2020-02-29 20:08:21.224|INFO ||o.s.w.c.ContextLoader|Root WebApplicationContext: initialization completed in 1891 ms
2020-02-29 20:08:22.082|INFO ||s.d.s.w.PropertySourcedRequestMappingHandlerMapping|Mapped URL path [/v2/api-docs] onto method [public org.springframework.http.ResponseEntity<springfox.documentation.spring.web.json.Json> springfox.documentation.swagger2.web.Swagger2Controller.getDocumentation(java.lang.String,javax.servlet.http.HttpServletRequest)]
2020-02-29 20:08:22.199|INFO ||o.s.s.c.ThreadPoolTaskExecutor|Initializing ExecutorService 'applicationTaskExecutor'
2020-02-29 20:08:22.581|INFO ||o.s.s.w.DefaultSecurityFilterChain|Creating filter chain: OrRequestMatcher [requestMatchers=[Ant [pattern='/oauth/token'], Ant [pattern='/oauth/token_key'], Ant [pattern='/oauth/check_token']]], [org.springframework.security.web.context.request.async.WebAsyncManagerIntegrationFilter@5785e813, org.springframework.security.web.context.SecurityContextPersistenceFilter@6a567f7b, org.springframework.security.web.header.HeaderWriterFilter@de77146, org.springframework.security.web.authentication.logout.LogoutFilter@578a5ce8, org.springframework.security.web.authentication.www.BasicAuthenticationFilter@45554613, org.springframework.security.web.savedrequest.RequestCacheAwareFilter@26f0141, org.springframework.security.web.servletapi.SecurityContextHolderAwareRequestFilter@50ec4bfc, org.springframework.security.web.authentication.AnonymousAuthenticationFilter@10b8b900, org.springframework.security.web.session.SessionManagementFilter@5cfed0ba, org.springframework.security.web.access.ExceptionTranslationFilter@437ed416, org.springframework.security.web.access.intercept.FilterSecurityInterceptor@3caee3a8]
2020-02-29 20:08:22.592|INFO ||o.s.s.w.DefaultSecurityFilterChain|Creating filter chain: org.springframework.security.oauth2.config.annotation.web.configuration.ResourceServerConfiguration$NotOAuthRequestMatcher@448462f0, [org.springframework.security.web.context.request.async.WebAsyncManagerIntegrationFilter@787988f4, org.springframework.security.web.context.SecurityContextPersistenceFilter@5e905f2c, org.springframework.security.web.header.HeaderWriterFilter@70881123, org.springframework.security.web.authentication.logout.LogoutFilter@2725ca05, org.springframework.security.oauth2.provider.authentication.OAuth2AuthenticationProcessingFilter@12192604, org.springframework.security.web.authentication.UsernamePasswordAuthenticationFilter@6b70d1fb, org.springframework.security.web.savedrequest.RequestCacheAwareFilter@fddd7ae, org.springframework.security.web.servletapi.SecurityContextHolderAwareRequestFilter@3f6cce7f, org.springframework.security.web.authentication.AnonymousAuthenticationFilter@132e3594, org.springframework.security.web.session.SessionManagementFilter@703fa45, org.springframework.security.web.access.ExceptionTranslationFilter@62a6674f, org.springframework.security.web.access.intercept.FilterSecurityInterceptor@212fafd1]
2020-02-29 20:08:22.658|INFO ||s.d.s.w.p.DocumentationPluginsBootstrapper|Context refreshed
2020-02-29 20:08:22.671|INFO ||s.d.s.w.p.DocumentationPluginsBootstrapper|Found 1 custom documentation plugin(s)
2020-02-29 20:08:22.739|INFO ||s.d.s.w.s.ApiListingReferenceScanner|Scanning for api listing references
2020-02-29 20:08:23.041|INFO ||s.d.s.w.r.o.CachingOperationNameGenerator|Generating unique operation named: addUsingPOST_1
2020-02-29 20:08:23.078|INFO ||s.d.s.w.r.o.CachingOperationNameGenerator|Generating unique operation named: addUsingPOST_2
2020-02-29 20:08:23.138|INFO ||o.s.s.a.ScheduledAnnotationBeanPostProcessor|No TaskScheduler/ScheduledExecutorService bean found for scheduled processing
2020-02-29 20:08:23.145|INFO ||o.a.c.h.Http11NioProtocol|Starting ProtocolHandler ["http-nio-8080"]
2020-02-29 20:08:23.167|INFO ||o.s.b.w.e.t.TomcatWebServer|Tomcat started on port(s): 8080 (http) with context path '/hobbymatcher'
2020-02-29 20:08:23.169|INFO ||c.h.HobbymatcherSpringbootApplication|Started HobbymatcherSpringbootApplication in 4.231 seconds (JVM running for 5.789)
